2020/11/08 07:56:56 {"callers":["/Users/fym/Documents/code/go/src/gotour/blog-service/main.go: 28 main.init.0"],"level":"info","message":"this is a info log: main","time":1604793416584407000}
2020/11/09 22:25:57 {"callers":["/Users/fym/Documents/code/go/src/gotour/blog-service/main.go: 28 main.init.0"],"level":"error","message":"app.BindAndValid errs: ","time":1604931957643660000}
2020/11/09 22:30:21 {"callers":["/Users/fym/Documents/code/go/src/gotour/blog-service/main.go: 28 main.init.0"],"level":"error","message":"app.BindAndValid errs: ","time":1604932221576650000}
2020/11/09 22:31:52 {"callers":["/Users/fym/Documents/code/go/src/gotour/blog-service/main.go: 28 main.init.0"],"level":"error","message":"app.BindAndValid errs: ","time":1604932312348652000}
2020/11/09 22:32:20 {"callers":["/Users/fym/Documents/code/go/src/gotour/blog-service/main.go: 28 main.init.0"],"level":"error","message":"app.BindAndValid errs: ","time":1604932340763347000}
2020/11/09 22:36:57 {"callers":["/Users/fym/Documents/code/go/src/gotour/blog-service/main.go: 28 main.init.0"],"level":"error","message":"app.BindAndValid errs: State必须是[0 1]中的一个","time":1604932617528428000}
2020/11/09 22:38:37 {"callers":["/Users/fym/Documents/code/go/src/gotour/blog-service/main.go: 28 main.init.0"],"level":"error","message":"app.BindAndValid errs: State必须是[0 1]中的一个","time":1604932717041274000}
2020/11/09 22:38:45 {"callers":["/Users/fym/Documents/code/go/src/gotour/blog-service/main.go: 28 main.init.0"],"level":"error","message":"app.BindAndValid errs: State必须是[0 1]中的一个","time":1604932725665175000}
2020/11/09 22:39:11 {"callers":["/Users/fym/Documents/code/go/src/gotour/blog-service/main.go: 28 main.init.0"],"level":"error","message":"app.BindAndValid errs: Name为必填字段","time":1604932751592880000}
2020/11/09 22:41:33 {"callers":["/Users/fym/Documents/code/go/src/gotour/blog-service/main.go: 28 main.init.0"],"level":"error","message":"app.BindAndValid errs: Name为必填字段","time":1604932893737419000}
2020/11/12 06:53:39 {"callers":["/Users/fym/Documents/code/go/src/gotour/blog-service/main.go: 28 main.init.0"],"level":"error","message":"app.BindAndValid err: CreatedBy为必填字段","time":1605135219779450000}
2020/11/12 06:58:20 {"callers":["/Users/fym/Documents/code/go/src/gotour/blog-service/main.go: 28 main.init.0"],"level":"error","message":"app.BindAndValid err:ModifiedBy为必填字段,ID为必填字段,State为必填字段","time":1605135500476746000}
2020/11/12 06:58:31 {"callers":["/Users/fym/Documents/code/go/src/gotour/blog-service/main.go: 28 main.init.0"],"level":"error","message":"app.BindAndValid err:ID为必填字段,State为必填字段","time":1605135511565964000}
2020/11/12 07:02:02 {"callers":["/Users/fym/Documents/code/go/src/gotour/blog-service/main.go: 28 main.init.0"],"level":"error","message":"app.BindAndValid err:State为必填字段,ID为必填字段","time":1605135722037007000}
2020/11/12 07:05:45 {"callers":["/Users/fym/Documents/code/go/src/gotour/blog-service/main.go: 28 main.init.0"],"level":"error","message":"app.BindAndValid err:State为必填字段","time":1605135945691332000}
2020/11/12 07:06:54 {"callers":["/Users/fym/Documents/code/go/src/gotour/blog-service/main.go: 28 main.init.0"],"level":"error","message":"app.BindAndValid err:State为必填字段","time":1605136014893321000}
2020/11/12 07:07:18 {"callers":["/Users/fym/Documents/code/go/src/gotour/blog-service/main.go: 28 main.init.0"],"level":"error","message":"app.BindAndValid err:State为必填字段","time":1605136038063345000}
2020/11/12 07:07:42 {"callers":["/Users/fym/Documents/code/go/src/gotour/blog-service/main.go: 28 main.init.0"],"level":"error","message":"app.BindAndValid err:State为必填字段","time":1605136062273023000}
2020/11/12 07:09:22 {"callers":["/Users/fym/Documents/code/go/src/gotour/blog-service/main.go: 28 main.init.0"],"level":"error","message":"Tag update app.BindAndValid err:State为必填字段","time":1605136162524488000}
2020/11/12 07:10:17 {"callers":["/Users/fym/Documents/code/go/src/gotour/blog-service/main.go: 28 main.init.0"],"level":"error","message":"Tag update app.BindAndValid err:State为必填字段","time":1605136217357409000}
2020/11/12 07:12:31 {"callers":["/Users/fym/Documents/code/go/src/gotour/blog-service/main.go: 28 main.init.0"],"level":"error","message":"Tag update app.BindAndValid err:State为必填字段","time":1605136351488108000}
2020/11/12 07:26:43 {"callers":["/Users/fym/Documents/code/go/src/gotour/blog-service/main.go: 28 main.init.0"],"level":"info","message":"tag info: {0xc00036e8c0 news 0}","time":1605137203984816000}
2020/11/12 07:27:34 {"callers":["/Users/fym/Documents/code/go/src/gotour/blog-service/main.go: 28 main.init.0"],"level":"info","message":"tag info: news, 0","time":1605137254699698000}
2020/11/17 23:29:52 {"callers":["/Users/fym/Documents/code/go/src/gotour/blog-service/main.go: 28 main.init.0"],"level":"error","message":"app.BindAndValid err: ","time":1605626992127123000}
2020/11/17 23:31:45 {"callers":["/Users/fym/Documents/code/go/src/gotour/blog-service/main.go: 28 main.init.0"],"level":"error","message":"app.BindAndValid err: ID为必填字段","time":1605627105741503000}
2020/11/22 13:29:33 {"callers":["/Users/fym/Documents/code/go/src/gotour/blog-service/main.go: 28 main.init.0"],"level":"error","message":"app.BindAndValid err: TagIds为必填字段","time":1606022973558016000}
2020/11/22 13:30:00 {"callers":["/Users/fym/Documents/code/go/src/gotour/blog-service/main.go: 28 main.init.0"],"level":"error","message":"app.BindAndValid err: TagIds为必填字段","time":1606023000350077000}
2020/11/22 13:31:17 {"callers":["/Users/fym/Documents/code/go/src/gotour/blog-service/main.go: 28 main.init.0"],"level":"error","message":"app.BindAndValid err: TagIds为必填字段","time":1606023077098727000}
2020/11/22 13:31:48 {"callers":["/Users/fym/Documents/code/go/src/gotour/blog-service/main.go: 28 main.init.0"],"level":"error","message":"app.BindAndValid err: TagIds为必填字段","time":1606023108080484000}
2020/11/22 13:31:49 {"callers":["/Users/fym/Documents/code/go/src/gotour/blog-service/main.go: 28 main.init.0"],"level":"error","message":"app.BindAndValid err: TagIds为必填字段","time":1606023109489865000}
2020/11/22 13:32:01 {"callers":["/Users/fym/Documents/code/go/src/gotour/blog-service/main.go: 28 main.init.0"],"level":"error","message":"app.BindAndValid err: TagIds为必填字段","time":1606023121947965000}
2020/11/22 13:32:10 {"callers":["/Users/fym/Documents/code/go/src/gotour/blog-service/main.go: 28 main.init.0"],"level":"error","message":"app.BindAndValid err: TagIds为必填字段","time":1606023130530913000}
2020/11/22 13:32:15 {"callers":["/Users/fym/Documents/code/go/src/gotour/blog-service/main.go: 28 main.init.0"],"level":"error","message":"app.BindAndValid err: TagIds为必填字段","time":1606023135591930000}
2020/11/22 13:34:56 {"callers":["/Users/fym/Documents/code/go/src/gotour/blog-service/main.go: 28 main.init.0"],"level":"error","message":"app.BindAndValid err: TagIds为必填字段","time":1606023296915353000}
2020/11/22 13:35:28 {"callers":["/Users/fym/Documents/code/go/src/gotour/blog-service/main.go: 28 main.init.0"],"level":"error","message":"service.CreateArticle err: 错误吗：400,错误信息: 入参错误","time":1606023328119276000}
2020/11/22 13:36:47 {"callers":["/Users/fym/Documents/code/go/src/gotour/blog-service/main.go: 28 main.init.0"],"level":"error","message":"service.CreateArticle err: 错误吗：400,错误信息: 入参错误","time":1606023407421446000}
2020/11/22 13:37:32 {"callers":["/Users/fym/Documents/code/go/src/gotour/blog-service/main.go: 28 main.init.0"],"level":"error","message":"service.CreateArticle err: 错误吗：400,错误信息: 入参错误","time":1606023452804191000}
2020/11/22 20:39:03 {"callers":["/Users/fym/Documents/code/go/src/gotour/blog-service/main.go: 28 main.init.0"],"level":"error","message":"service.UploadFile err: File suffix is not supported.","time":1606048743406213000}
2020/11/22 20:40:51 {"callers":["/Users/fym/Documents/code/go/src/gotour/blog-service/main.go: 28 main.init.0"],"level":"error","message":"service.UploadFile err: File suffix is not supported.","time":1606048851825841000}
2020/11/22 20:42:36 {"callers":["/Users/fym/Documents/code/go/src/gotour/blog-service/main.go: 28 main.init.0"],"level":"error","message":"service.UploadFile err: File suffix is not supported.","time":1606048956834305000}
2020/11/22 20:43:06 {"callers":["/Users/fym/Documents/code/go/src/gotour/blog-service/main.go: 28 main.init.0"],"level":"error","message":"service.UploadFile err: open 1.jpg: no such file or directory","time":1606048986300207000}
2020/11/22 20:44:33 {"callers":["/Users/fym/Documents/code/go/src/gotour/blog-service/main.go: 28 main.init.0"],"level":"error","message":"service.UploadFile err: open 1.jpg: no such file or directory","time":1606049073553965000}
2020/11/22 23:39:44 {"callers":["/Users/fym/Documents/code/go/src/gotour/blog-service/main.go: 28 main.init.0"],"level":"error","message":"app.BindAndValid errs: AppKey为必填字段,AppSecret为必填字段","time":1606059584856671000}
2020/11/22 23:41:04 {"callers":["/Users/fym/Documents/code/go/src/gotour/blog-service/main.go: 28 main.init.0"],"level":"error","message":"app.BindAndValid errs: AppKey为必填字段,AppSecret为必填字段","time":1606059664917226000}
